<?xml version="1.0" encoding="UTF-8" ?>
<testsuite tests="20" failures="0" name="com.tsystems.javaschool.tasks.calculator.CalculatorTest" time="0.015" errors="0" skipped="0">
  <properties>
[...]
</properties>
  <testcase classname="com.tsystems.javaschool.tasks.calculator.CalculatorTest" name="evaluate" time="0.008"/>
  <testcase classname="com.tsystems.javaschool.tasks.calculator.CalculatorTest" name="evaluate1" time="0"/>
  <testcase classname="com.tsystems.javaschool.tasks.calculator.CalculatorTest" name="evaluate2" time="0"/>
  <testcase classname="com.tsystems.javaschool.tasks.calculator.CalculatorTest" name="evaluate3" time="0"/>
  <testcase classname="com.tsystems.javaschool.tasks.calculator.CalculatorTest" name="evaluate4" time="0"/>
  <testcase classname="com.tsystems.javaschool.tasks.calculator.CalculatorTest" name="evaluate5" time="0.001"/>
  <testcase classname="com.tsystems.javaschool.tasks.calculator.CalculatorTest" name="evaluate6" time="0.001"/>
  <testcase classname="com.tsystems.javaschool.tasks.calculator.CalculatorTest" name="evaluate7" time="0.002"/>
  <testcase classname="com.tsystems.javaschool.tasks.calculator.CalculatorTest" name="evaluate8" time="0"/>
  <testcase classname="com.tsystems.javaschool.tasks.calculator.CalculatorTest" name="evaluate9" time="0"/>
  <testcase classname="com.tsystems.javaschool.tasks.calculator.CalculatorTest" name="evaluate10" time="0.001"/>
  <testcase classname="com.tsystems.javaschool.tasks.calculator.CalculatorTest" name="evaluate11" time="0.001"/>
  <testcase classname="com.tsystems.javaschool.tasks.calculator.CalculatorTest" name="evaluate12" time="0"/>
  <testcase classname="com.tsystems.javaschool.tasks.calculator.CalculatorTest" name="evaluate13" time="0"/>
  <testcase classname="com.tsystems.javaschool.tasks.calculator.CalculatorTest" name="evaluate14" time="0"/>
  <testcase classname="com.tsystems.javaschool.tasks.calculator.CalculatorTest" name="evaluate15" time="0.001"/>
  <testcase classname="com.tsystems.javaschool.tasks.calculator.CalculatorTest" name="evaluate16" time="0"/>
  <testcase classname="com.tsystems.javaschool.tasks.calculator.CalculatorTest" name="evaluate17" time="0"/>
  <testcase classname="com.tsystems.javaschool.tasks.calculator.CalculatorTest" name="evaluate18" time="0"/>
  <testcase classname="com.tsystems.javaschool.tasks.calculator.CalculatorTest" name="evaluate19" time="0"/>
</testsuite>